<?xml version="1.0" encoding="UTF-8"?>
<testng-results ignored="0" total="0" passed="0" failed="0" skipped="0">
  <reporter-output>
  </reporter-output>
  <suite started-at="2022-12-29T17:15:28 IST" name="tests.TestRunner" finished-at="2022-12-29T17:15:28 IST" duration-ms="11">
    <groups>
    </groups>
    <test started-at="2022-12-29T17:15:28 IST" name="Command line test" finished-at="2022-12-29T17:15:28 IST" duration-ms="11">
    </test> <!-- Command line test -->
  </suite> <!-- tests.TestRunner -->
</testng-results>
